<?xml version="1.0" encoding="UTF-8"?>
<!-- Generated by org.testng.reporters.JUnitReportReporter -->
<testsuite skipped="0" hostname="OJAS-DD282" name="com.restassured.RestGETRequest" tests="1" failures="0" timestamp="28 Dec 2020 13:19:44 GMT" time="3.595" errors="0">
  <testcase name="getMethod" time="3.595" classname="com.restassured.RestGETRequest"/>
</testsuite> <!-- com.restassured.RestGETRequest -->
